<?xml version="1.0" encoding="UTF-8"?>
<!-- Generated by org.testng.reporters.JUnitReportReporter -->
<testsuite skipped="0" hostname="ip-172-31-4-59" name="test.testcase1" tests="1" failures="0" timestamp="25 Feb 2021 04:05:56 GMT" time="10.515" errors="0">
  <testcase name="Logintest" time="10.515" classname="test.testcase1"/>
</testsuite> <!-- test.testcase1 -->
